<?xml version="1.0" encoding="UTF-8"?>
<!-- Generated by org.testng.reporters.JUnitReportReporter -->
<testsuite skipped="0" hostname="DESKTOP-H3TL2AS" name="com.selenium.testCases.BaseClass" tests="1" failures="0" timestamp="2020-05-26T12:23:12 CEST" time="2.309" errors="0">
  <testcase name="openUrl" time="2.309" classname="com.selenium.testCases.BaseClass"/>
  <system-out/>
</testsuite> <!-- com.selenium.testCases.BaseClass -->
