<?xml version="1.0" encoding="UTF-8"?>
<!-- Generated by org.testng.reporters.JUnitReportReporter -->
<testsuite skipped="0" hostname="DESKTOP-H3TL2AS" name="com.selenium.testCases.TC_LoginTest_001" tests="1" failures="0" timestamp="2020-06-04T15:51:26 CEST" time="2.866" errors="0">
  <testcase name="loginTest" time="2.866" classname="com.selenium.testCases.TC_LoginTest_001"/>
  <system-out/>
</testsuite> <!-- com.selenium.testCases.TC_LoginTest_001 -->
